[debug] [2024-11-26T02:39:48.409Z] ----------------------------------------------------------------------
[debug] [2024-11-26T02:39:48.412Z] Command:       C:\Program Files\nodejs\node.exe C:\Users\samin\AppData\Roaming\npm\node_modules\firebase-tools\lib\bin\firebase.js deploy
[debug] [2024-11-26T02:39:48.413Z] CLI Version:   13.25.0
[debug] [2024-11-26T02:39:48.413Z] Platform:      win32
[debug] [2024-11-26T02:39:48.413Z] Node Version:  v20.11.0
[debug] [2024-11-26T02:39:48.413Z] Time:          Mon Nov 25 2024 23:39:48 GMT-0300 (Horário Padrão de Brasília)
[debug] [2024-11-26T02:39:48.414Z] ----------------------------------------------------------------------
[debug] 
[debug] [2024-11-26T02:39:48.511Z] > command requires scopes: ["email","openid","https://www.googleapis.com/auth/cloudplatformprojects.readonly","https://www.googleapis.com/auth/firebase","https://www.googleapis.com/auth/cloud-platform"]
[debug] [2024-11-26T02:39:48.512Z] > authorizing via signed-in user (samineto@gmail.com)
[debug] [2024-11-26T02:39:48.512Z] [iam] checking project cirurgias-a6a25 for permissions ["firebase.projects.get","firebasehosting.sites.update","firebaserules.releases.create","firebaserules.releases.update","firebaserules.rulesets.create"]
[debug] [2024-11-26T02:39:48.514Z] Checked if tokens are valid: false, expires at: 1732569088756
[debug] [2024-11-26T02:39:48.514Z] Checked if tokens are valid: false, expires at: 1732569088756
[debug] [2024-11-26T02:39:48.515Z] > refreshing access token with scopes: []
[debug] [2024-11-26T02:39:48.518Z] >>> [apiv2][query] POST https://www.googleapis.com/oauth2/v3/token [none]
[debug] [2024-11-26T02:39:48.518Z] >>> [apiv2][body] POST https://www.googleapis.com/oauth2/v3/token [omitted]
[debug] [2024-11-26T02:39:49.445Z] <<< [apiv2][status] POST https://www.googleapis.com/oauth2/v3/token 200
[debug] [2024-11-26T02:39:49.445Z] <<< [apiv2][body] POST https://www.googleapis.com/oauth2/v3/token [omitted]
[debug] [2024-11-26T02:39:49.461Z] >>> [apiv2][query] POST https://cloudresourcemanager.googleapis.com/v1/projects/cirurgias-a6a25:testIamPermissions [none]
[debug] [2024-11-26T02:39:49.461Z] >>> [apiv2][(partial)header] POST https://cloudresourcemanager.googleapis.com/v1/projects/cirurgias-a6a25:testIamPermissions x-goog-quota-user=projects/cirurgias-a6a25
[debug] [2024-11-26T02:39:49.462Z] >>> [apiv2][body] POST https://cloudresourcemanager.googleapis.com/v1/projects/cirurgias-a6a25:testIamPermissions {"permissions":["firebase.projects.get","firebasehosting.sites.update","firebaserules.releases.create","firebaserules.releases.update","firebaserules.rulesets.create"]}
[debug] [2024-11-26T02:39:51.810Z] <<< [apiv2][status] POST https://cloudresourcemanager.googleapis.com/v1/projects/cirurgias-a6a25:testIamPermissions 200
[debug] [2024-11-26T02:39:51.810Z] <<< [apiv2][body] POST https://cloudresourcemanager.googleapis.com/v1/projects/cirurgias-a6a25:testIamPermissions {"permissions":["firebase.projects.get","firebasehosting.sites.update","firebaserules.releases.create","firebaserules.releases.update","firebaserules.rulesets.create"]}
[debug] [2024-11-26T02:39:51.811Z] Checked if tokens are valid: true, expires at: 1732592388445
[debug] [2024-11-26T02:39:51.811Z] Checked if tokens are valid: true, expires at: 1732592388445
[debug] [2024-11-26T02:39:51.811Z] >>> [apiv2][query] GET https://firebase.googleapis.com/v1beta1/projects/cirurgias-a6a25 [none]
[debug] [2024-11-26T02:39:52.460Z] <<< [apiv2][status] GET https://firebase.googleapis.com/v1beta1/projects/cirurgias-a6a25 200
